2025-03-31 15:12:06,996 INFO o.a.j.u.JMeterUtils: Setting Locale to en_EN
2025-03-31 15:12:07,009 INFO o.a.j.JMeter: Loading user properties from: /nix/store/3xc77m33rx9fljpf3k6m7hi2pb9j87zi-jmeter-5.6.3/bin/user.properties
2025-03-31 15:12:07,010 INFO o.a.j.JMeter: Loading system properties from: /nix/store/3xc77m33rx9fljpf3k6m7hi2pb9j87zi-jmeter-5.6.3/bin/system.properties
2025-03-31 15:12:07,012 INFO o.a.j.JMeter: Copyright (c) 1998-2024 The Apache Software Foundation
2025-03-31 15:12:07,012 INFO o.a.j.JMeter: Version 5.6.3
2025-03-31 15:12:07,012 INFO o.a.j.JMeter: java.version=21.0.4
2025-03-31 15:12:07,012 INFO o.a.j.JMeter: java.vm.name=OpenJDK 64-Bit Server VM
2025-03-31 15:12:07,012 INFO o.a.j.JMeter: os.name=Mac OS X
2025-03-31 15:12:07,012 INFO o.a.j.JMeter: os.arch=aarch64
2025-03-31 15:12:07,012 INFO o.a.j.JMeter: os.version=15.3.2
2025-03-31 15:12:07,012 INFO o.a.j.JMeter: file.encoding=UTF-8
2025-03-31 15:12:07,012 INFO o.a.j.JMeter: java.awt.headless=null
2025-03-31 15:12:07,012 INFO o.a.j.JMeter: Max memory     =1073741824
2025-03-31 15:12:07,012 INFO o.a.j.JMeter: Available Processors =11
2025-03-31 15:12:07,017 INFO o.a.j.JMeter: Default Locale=English (EN)
2025-03-31 15:12:07,017 INFO o.a.j.JMeter: JMeter  Locale=English (EN)
2025-03-31 15:12:07,017 INFO o.a.j.JMeter: JMeterHome=/nix/store/3xc77m33rx9fljpf3k6m7hi2pb9j87zi-jmeter-5.6.3
2025-03-31 15:12:07,017 INFO o.a.j.JMeter: user.dir  =/Users/maty/.nix
2025-03-31 15:12:07,017 INFO o.a.j.JMeter: PWD       =/Users/maty/.nix
2025-03-31 15:12:07,018 INFO o.a.j.JMeter: IP: 127.0.0.1 Name: mcbp.local FullName: localhost
2025-03-31 15:12:07,024 INFO o.a.j.JMeter: Loaded icon properties from org/apache/jmeter/images/icon.properties
2025-03-31 15:12:07,255 INFO o.a.j.JMeterGuiLauncher: Setting LAF to: com.github.weisj.darklaf.DarkLaf:com.github.weisj.darklaf.theme.DarculaTheme
2025-03-31 15:12:14,351 INFO o.a.j.s.FileServer: Default base='/Users/maty/.nix'
2025-03-31 15:12:32,751 INFO o.a.j.g.a.Load: Loading file: /Users/maty/Documents/VSH/betasuperzoov2.jmx
2025-03-31 15:12:32,751 INFO o.a.j.s.FileServer: Set new base='/Users/maty/Documents/VSH'
2025-03-31 15:12:32,820 INFO o.a.j.s.SaveService: Testplan (JMX) version: 2.2. Testlog (JTL) version: 2.2
2025-03-31 15:12:32,835 INFO o.a.j.s.SaveService: Using SaveService properties version 5.0
2025-03-31 15:12:32,836 INFO o.a.j.s.SaveService: Using SaveService properties file encoding UTF-8
2025-03-31 15:12:32,837 INFO o.a.j.s.SaveService: Loading file: /Users/maty/Documents/VSH/betasuperzoov2.jmx
2025-03-31 15:12:32,846 INFO o.a.j.p.h.c.CookieManager: Settings: Delete null: true Check: true Allow variable: true Save: false Prefix: COOKIE_
2025-03-31 15:12:32,850 INFO o.a.j.p.h.s.HTTPSamplerBase: Parser for text/html is org.apache.jmeter.protocol.http.parser.LagartoBasedHtmlParser
2025-03-31 15:12:32,850 INFO o.a.j.p.h.s.HTTPSamplerBase: Parser for application/xhtml+xml is org.apache.jmeter.protocol.http.parser.LagartoBasedHtmlParser
2025-03-31 15:12:32,850 INFO o.a.j.p.h.s.HTTPSamplerBase: Parser for application/xml is org.apache.jmeter.protocol.http.parser.LagartoBasedHtmlParser
2025-03-31 15:12:32,850 INFO o.a.j.p.h.s.HTTPSamplerBase: Parser for text/xml is org.apache.jmeter.protocol.http.parser.LagartoBasedHtmlParser
2025-03-31 15:12:32,850 INFO o.a.j.p.h.s.HTTPSamplerBase: Parser for text/vnd.wap.wml is org.apache.jmeter.protocol.http.parser.RegexpHTMLParser
2025-03-31 15:12:32,851 INFO o.a.j.p.h.s.HTTPSamplerBase: Parser for text/css is org.apache.jmeter.protocol.http.parser.CssParser
2025-03-31 15:12:33,054 INFO o.a.j.e.KeyToolUtils: keytool found at 'keytool'
2025-03-31 15:12:33,054 INFO o.a.j.p.h.p.ProxyControl: HTTP(S) Test Script Recorder SSL Proxy will use keys that support embedded 3rd party resources in file /nix/store/3xc77m33rx9fljpf3k6m7hi2pb9j87zi-jmeter-5.6.3/bin/proxyserver.jks
2025-03-31 15:12:33,200 INFO o.a.j.s.SampleResult: Note: Sample TimeStamps are START times
2025-03-31 15:12:33,200 INFO o.a.j.s.SampleResult: sampleresult.default.encoding is set to UTF-8
2025-03-31 15:12:33,200 INFO o.a.j.s.SampleResult: sampleresult.useNanoTime=true
2025-03-31 15:12:33,200 INFO o.a.j.s.SampleResult: sampleresult.nanoThreadSleep=5000
2025-03-31 15:12:33,303 INFO o.a.j.s.FileServer: Set new base='/Users/maty/Documents/VSH'
